2026-03-19 14:02:14.666 ERROR [org.springframework.jms.JmsListenerEndpointContainer#0-1] o.s.j.l.DefaultMessageListenerContainer - Application exception overridden by rollback error
jakarta.jms.JMSException: Cannot send, channel has already failed: tcp://192.168.1.99:61616
	at org.apache.activemq.util.JMSExceptionSupport.create(JMSExceptionSupport.java:91)
	at org.apache.activemq.ActiveMQConnection.doAsyncSendPacket(ActiveMQConnection.java:1373)
	at org.apache.activemq.ActiveMQConnection.asyncSendPacket(ActiveMQConnection.java:1365)
	at org.apache.activemq.ActiveMQSession.asyncSendPacket(ActiveMQSession.java:2148)
	at org.apache.activemq.ActiveMQSession.sendAck(ActiveMQSession.java:2311)
	at org.apache.activemq.ActiveMQMessageConsumer.rollback(ActiveMQMessageConsumer.java:1293)
	at org.apache.activemq.ActiveMQMessageConsumer$5.afterRollback(ActiveMQMessageConsumer.java:1111)
	at org.apache.activemq.TransactionContext.afterRollback(TransactionContext.java:166)
	at org.apache.activemq.TransactionContext.rollback(TransactionContext.java:291)
	at org.apache.activemq.TransactionContext.commit(TransactionContext.java:311)
	at org.apache.activemq.ActiveMQSession.commit(ActiveMQSession.java:585)
	at java.base/jdk.internal.reflect.DirectMethodHandleAccessor.invoke(DirectMethodHandleAccessor.java:104)
	at java.base/java.lang.reflect.Method.invoke(Method.java:577)
	at io.micrometer.jakarta9.instrument.jms.SessionInvocationHandler.invoke(SessionInvocationHandler.java:55)
	at jdk.proxy2/jdk.proxy2.$Proxy162.commit(Unknown Source)
	at org.springframework.jms.support.JmsUtils.commitIfNecessary(JmsUtils.java:215)
	at org.springframework.jms.listener.AbstractMessageListenerContainer.doInvokeListener(AbstractMessageListenerContainer.java:824)
	at org.springframework.jms.listener.AbstractMessageListenerContainer.invokeListener(AbstractMessageListenerContainer.java:776)
	at org.springframework.jms.listener.AbstractMessageListenerContainer.doExecuteListener(AbstractMessageListenerContainer.java:754)
	at org.springframework.jms.listener.AbstractPollingMessageListenerContainer.doReceiveAndExecute(AbstractPollingMessageListenerContainer.java:333)
	at org.springframework.jms.listener.AbstractPollingMessageListenerContainer.receiveAndExecute(AbstractPollingMessageListenerContainer.java:270)
	at org.springframework.jms.listener.DefaultMessageListenerContainer$AsyncMessageListenerInvoker.invokeListener(DefaultMessageListenerContainer.java:1420)
	at org.springframework.jms.listener.DefaultMessageListenerContainer$AsyncMessageListenerInvoker.executeOngoingLoop(DefaultMessageListenerContainer.java:1410)
	at org.springframework.jms.listener.DefaultMessageListenerContainer$AsyncMessageListenerInvoker.run(DefaultMessageListenerContainer.java:1287)
	at java.base/java.lang.Thread.run(Thread.java:833)
Caused by: org.apache.activemq.transport.InactivityIOException: Cannot send, channel has already failed: tcp://192.168.1.99:61616
	at org.apache.activemq.transport.AbstractInactivityMonitor.doOnewaySend(AbstractInactivityMonitor.java:329)
	at org.apache.activemq.transport.AbstractInactivityMonitor.oneway(AbstractInactivityMonitor.java:318)
	at org.apache.activemq.transport.TransportFilter.oneway(TransportFilter.java:94)
	at org.apache.activemq.transport.WireFormatNegotiator.oneway(WireFormatNegotiator.java:116)
	at org.apache.activemq.transport.MutexTransport.oneway(MutexTransport.java:68)
	at org.apache.activemq.transport.ResponseCorrelator.oneway(ResponseCorrelator.java:60)
	at org.apache.activemq.ActiveMQConnection.doAsyncSendPacket(ActiveMQConnection.java:1371)
	... 23 common frames omitted
2026-03-19 14:03:42.889 ERROR [org.springframework.jms.JmsListenerEndpointContainer#0-2] o.s.j.l.DefaultMessageListenerContainer - Application exception overridden by rollback error
jakarta.jms.JMSException: Disposed due to prior exception
	at org.apache.activemq.util.JMSExceptionSupport.create(JMSExceptionSupport.java:91)
	at org.apache.activemq.ActiveMQConnection.syncSendPacket(ActiveMQConnection.java:1483)
	at org.apache.activemq.TransactionContext.rollback(TransactionContext.java:284)
	at org.apache.activemq.TransactionContext.commit(TransactionContext.java:311)
	at org.apache.activemq.ActiveMQSession.commit(ActiveMQSession.java:585)
	at java.base/jdk.internal.reflect.DirectMethodHandleAccessor.invoke(DirectMethodHandleAccessor.java:104)
	at java.base/java.lang.reflect.Method.invoke(Method.java:577)
	at io.micrometer.jakarta9.instrument.jms.SessionInvocationHandler.invoke(SessionInvocationHandler.java:55)
	at jdk.proxy2/jdk.proxy2.$Proxy162.commit(Unknown Source)
	at org.springframework.jms.support.JmsUtils.commitIfNecessary(JmsUtils.java:215)
	at org.springframework.jms.listener.AbstractMessageListenerContainer.doInvokeListener(AbstractMessageListenerContainer.java:824)
	at org.springframework.jms.listener.AbstractMessageListenerContainer.invokeListener(AbstractMessageListenerContainer.java:776)
	at org.springframework.jms.listener.AbstractMessageListenerContainer.doExecuteListener(AbstractMessageListenerContainer.java:754)
	at org.springframework.jms.listener.AbstractPollingMessageListenerContainer.doReceiveAndExecute(AbstractPollingMessageListenerContainer.java:333)
	at org.springframework.jms.listener.AbstractPollingMessageListenerContainer.receiveAndExecute(AbstractPollingMessageListenerContainer.java:270)
	at org.springframework.jms.listener.DefaultMessageListenerContainer$AsyncMessageListenerInvoker.invokeListener(DefaultMessageListenerContainer.java:1420)
	at org.springframework.jms.listener.DefaultMessageListenerContainer$AsyncMessageListenerInvoker.executeOngoingLoop(DefaultMessageListenerContainer.java:1410)
	at org.springframework.jms.listener.DefaultMessageListenerContainer$AsyncMessageListenerInvoker.run(DefaultMessageListenerContainer.java:1287)
	at java.base/java.lang.Thread.run(Thread.java:833)
Caused by: org.apache.activemq.transport.TransportDisposedIOException: Disposed due to prior exception
	at org.apache.activemq.transport.ResponseCorrelator.onException(ResponseCorrelator.java:125)
	at org.apache.activemq.transport.TransportFilter.onException(TransportFilter.java:114)
	at org.apache.activemq.transport.TransportFilter.onException(TransportFilter.java:114)
	at org.apache.activemq.transport.WireFormatNegotiator.onException(WireFormatNegotiator.java:173)
	at org.apache.activemq.transport.AbstractInactivityMonitor.onException(AbstractInactivityMonitor.java:346)
	at org.apache.activemq.transport.TransportSupport.onException(TransportSupport.java:96)
	at org.apache.activemq.transport.tcp.TcpTransport.run(TcpTransport.java:220)
	... 1 common frames omitted
Caused by: java.io.EOFException: null
	at java.base/java.io.DataInputStream.readInt(DataInputStream.java:398)
	at org.apache.activemq.openwire.OpenWireFormat.unmarshal(OpenWireFormat.java:289)
	at org.apache.activemq.transport.tcp.TcpTransport.readCommand(TcpTransport.java:241)
	at org.apache.activemq.transport.tcp.TcpTransport.doRun(TcpTransport.java:233)
	at org.apache.activemq.transport.tcp.TcpTransport.run(TcpTransport.java:216)
	... 1 common frames omitted
2026-03-19 22:01:45.772 ERROR [org.springframework.jms.JmsListenerEndpointContainer#0-1] o.s.j.l.DefaultMessageListenerContainer - Could not refresh JMS Connection for destination 'saga.reply.queue' - retrying using FixedBackOff{interval=5000, currentAttempts=0, maxAttempts=unlimited}. Cause: Could not connect to broker URL: tcp://192.168.1.99:61616. Reason: java.net.ConnectException: Connection timed out: no further information
2026-03-19 22:02:11.823 ERROR [org.springframework.jms.JmsListenerEndpointContainer#0-1] o.s.j.l.DefaultMessageListenerContainer - Could not refresh JMS Connection for destination 'saga.reply.queue' - retrying using FixedBackOff{interval=5000, currentAttempts=1, maxAttempts=unlimited}. Cause: Could not connect to broker URL: tcp://192.168.1.99:61616. Reason: java.net.ConnectException: Connection timed out: no further information
2026-03-19 22:02:37.864 ERROR [org.springframework.jms.JmsListenerEndpointContainer#0-1] o.s.j.l.DefaultMessageListenerContainer - Could not refresh JMS Connection for destination 'saga.reply.queue' - retrying using FixedBackOff{interval=5000, currentAttempts=2, maxAttempts=unlimited}. Cause: Could not connect to broker URL: tcp://192.168.1.99:61616. Reason: java.net.ConnectException: Connection timed out: no further information
2026-03-19 22:03:03.897 ERROR [org.springframework.jms.JmsListenerEndpointContainer#0-1] o.s.j.l.DefaultMessageListenerContainer - Could not refresh JMS Connection for destination 'saga.reply.queue' - retrying using FixedBackOff{interval=5000, currentAttempts=3, maxAttempts=unlimited}. Cause: Could not connect to broker URL: tcp://192.168.1.99:61616. Reason: java.net.ConnectException: Connection timed out: no further information
