2026-03-20 00:10:29.089 INFO  [main] txu.saga.mainapp.MainAppApplication - Starting MainAppApplication using Java 18.0.2 with PID 20804 (D:\06-05-2025\saga\main-app\target\classes started by Precision 7540 in D:\06-05-2025\saga)
2026-03-20 00:10:29.095 INFO  [main] txu.saga.mainapp.MainAppApplication - No active profile set, falling back to 1 default profile: "default"
2026-03-20 00:10:30.725 INFO  [main] o.s.d.r.c.RepositoryConfigurationDelegate - Multiple Spring Data modules found, entering strict repository configuration mode
2026-03-20 00:10:30.728 INFO  [main] o.s.d.r.c.RepositoryConfigurationDelegate - Bootstrapping Spring Data Redis repositories in DEFAULT mode.
2026-03-20 00:10:30.786 INFO  [main] o.s.d.r.c.RepositoryConfigurationDelegate - Finished Spring Data repository scanning in 26 ms. Found 0 Redis repository interfaces.
2026-03-20 00:10:31.389 INFO  [main] o.s.b.w.e.tomcat.TomcatWebServer - Tomcat initialized with port 8080 (http)
2026-03-20 00:10:31.413 INFO  [main] o.a.coyote.http11.Http11NioProtocol - Initializing ProtocolHandler ["http-nio-8080"]
2026-03-20 00:10:31.416 INFO  [main] o.a.catalina.core.StandardService - Starting service [Tomcat]
2026-03-20 00:10:31.417 INFO  [main] o.a.catalina.core.StandardEngine - Starting Servlet engine: [Apache Tomcat/10.1.42]
2026-03-20 00:10:31.515 INFO  [main] o.a.c.c.C.[Tomcat].[localhost].[/] - Initializing Spring embedded WebApplicationContext
2026-03-20 00:10:31.516 INFO  [main] o.s.b.w.s.c.ServletWebServerApplicationContext - Root WebApplicationContext: initialization completed in 2349 ms
2026-03-20 00:10:32.975 INFO  [main] o.s.b.a.e.web.EndpointLinksResolver - Exposing 3 endpoints beneath base path '/actuator'
2026-03-20 00:10:33.077 INFO  [main] o.a.coyote.http11.Http11NioProtocol - Starting ProtocolHandler ["http-nio-8080"]
2026-03-20 00:10:33.109 INFO  [main] o.s.b.w.e.tomcat.TomcatWebServer - Tomcat started on port 8080 (http) with context path '/'
2026-03-20 00:10:33.417 INFO  [main] txu.saga.mainapp.MainAppApplication - Started MainAppApplication in 5.38 seconds (process running for 5.967)
2026-03-20 00:10:41.188 INFO  [http-nio-8080-exec-2] o.a.c.c.C.[Tomcat].[localhost].[/] - Initializing Spring DispatcherServlet 'dispatcherServlet'
2026-03-20 00:10:41.189 INFO  [http-nio-8080-exec-2] o.s.web.servlet.DispatcherServlet - Initializing Servlet 'dispatcherServlet'
2026-03-20 00:10:41.191 INFO  [http-nio-8080-exec-2] o.s.web.servlet.DispatcherServlet - Completed initialization in 1 ms
2026-03-20 00:11:10.639 INFO  [org.springframework.jms.JmsListenerEndpointContainer#0-1] t.s.mainapp.service.MessageConsumer - Created KeycloakUser, username: nnnmmppppttgfdesssskkkllly
2026-03-20 00:15:26.769 INFO  [SpringApplicationShutdownHook] o.s.b.w.e.tomcat.GracefulShutdown - Commencing graceful shutdown. Waiting for active requests to complete
2026-03-20 00:15:27.030 INFO  [tomcat-shutdown] o.s.b.w.e.tomcat.GracefulShutdown - Graceful shutdown complete
2026-03-20 00:15:34.276 INFO  [main] txu.saga.mainapp.MainAppApplication - Starting MainAppApplication using Java 18.0.2 with PID 19904 (D:\06-05-2025\saga\main-app\target\classes started by Precision 7540 in D:\06-05-2025\saga)
2026-03-20 00:15:34.279 INFO  [main] txu.saga.mainapp.MainAppApplication - No active profile set, falling back to 1 default profile: "default"
2026-03-20 00:15:36.069 INFO  [main] o.s.d.r.c.RepositoryConfigurationDelegate - Multiple Spring Data modules found, entering strict repository configuration mode
2026-03-20 00:15:36.073 INFO  [main] o.s.d.r.c.RepositoryConfigurationDelegate - Bootstrapping Spring Data Redis repositories in DEFAULT mode.
2026-03-20 00:15:36.110 INFO  [main] o.s.d.r.c.RepositoryConfigurationDelegate - Finished Spring Data repository scanning in 17 ms. Found 0 Redis repository interfaces.
2026-03-20 00:15:36.641 INFO  [main] o.s.b.w.e.tomcat.TomcatWebServer - Tomcat initialized with port 8080 (http)
2026-03-20 00:15:36.653 INFO  [main] o.a.coyote.http11.Http11NioProtocol - Initializing ProtocolHandler ["http-nio-8080"]
2026-03-20 00:15:36.655 INFO  [main] o.a.catalina.core.StandardService - Starting service [Tomcat]
2026-03-20 00:15:36.655 INFO  [main] o.a.catalina.core.StandardEngine - Starting Servlet engine: [Apache Tomcat/10.1.42]
2026-03-20 00:15:36.737 INFO  [main] o.a.c.c.C.[Tomcat].[localhost].[/] - Initializing Spring embedded WebApplicationContext
2026-03-20 00:15:36.737 INFO  [main] o.s.b.w.s.c.ServletWebServerApplicationContext - Root WebApplicationContext: initialization completed in 2383 ms
2026-03-20 00:15:38.026 INFO  [main] o.s.b.a.e.web.EndpointLinksResolver - Exposing 3 endpoints beneath base path '/actuator'
2026-03-20 00:15:38.089 INFO  [main] o.a.coyote.http11.Http11NioProtocol - Starting ProtocolHandler ["http-nio-8080"]
2026-03-20 00:15:38.114 INFO  [main] o.s.b.w.e.tomcat.TomcatWebServer - Tomcat started on port 8080 (http) with context path '/'
2026-03-20 00:15:38.328 INFO  [main] txu.saga.mainapp.MainAppApplication - Started MainAppApplication in 5.136 seconds (process running for 5.807)
2026-03-20 00:20:09.373 INFO  [SpringApplicationShutdownHook] o.s.b.w.e.tomcat.GracefulShutdown - Commencing graceful shutdown. Waiting for active requests to complete
2026-03-20 00:20:09.700 INFO  [tomcat-shutdown] o.s.b.w.e.tomcat.GracefulShutdown - Graceful shutdown complete
2026-03-20 00:20:14.280 INFO  [main] txu.saga.mainapp.MainAppApplication - Starting MainAppApplication using Java 18.0.2 with PID 7768 (D:\06-05-2025\saga\main-app\target\classes started by Precision 7540 in D:\06-05-2025\saga)
2026-03-20 00:20:14.283 INFO  [main] txu.saga.mainapp.MainAppApplication - No active profile set, falling back to 1 default profile: "default"
2026-03-20 00:20:16.080 INFO  [main] o.s.d.r.c.RepositoryConfigurationDelegate - Multiple Spring Data modules found, entering strict repository configuration mode
2026-03-20 00:20:16.089 INFO  [main] o.s.d.r.c.RepositoryConfigurationDelegate - Bootstrapping Spring Data Redis repositories in DEFAULT mode.
2026-03-20 00:20:16.152 INFO  [main] o.s.d.r.c.RepositoryConfigurationDelegate - Finished Spring Data repository scanning in 31 ms. Found 0 Redis repository interfaces.
2026-03-20 00:20:16.891 INFO  [main] o.s.b.w.e.tomcat.TomcatWebServer - Tomcat initialized with port 8080 (http)
2026-03-20 00:20:16.911 INFO  [main] o.a.coyote.http11.Http11NioProtocol - Initializing ProtocolHandler ["http-nio-8080"]
2026-03-20 00:20:16.914 INFO  [main] o.a.catalina.core.StandardService - Starting service [Tomcat]
2026-03-20 00:20:16.914 INFO  [main] o.a.catalina.core.StandardEngine - Starting Servlet engine: [Apache Tomcat/10.1.42]
2026-03-20 00:20:17.007 INFO  [main] o.a.c.c.C.[Tomcat].[localhost].[/] - Initializing Spring embedded WebApplicationContext
2026-03-20 00:20:17.009 INFO  [main] o.s.b.w.s.c.ServletWebServerApplicationContext - Root WebApplicationContext: initialization completed in 2669 ms
2026-03-20 00:20:18.665 INFO  [main] o.s.b.a.e.web.EndpointLinksResolver - Exposing 3 endpoints beneath base path '/actuator'
2026-03-20 00:20:18.755 INFO  [main] o.a.coyote.http11.Http11NioProtocol - Starting ProtocolHandler ["http-nio-8080"]
2026-03-20 00:20:18.791 INFO  [main] o.s.b.w.e.tomcat.TomcatWebServer - Tomcat started on port 8080 (http) with context path '/'
2026-03-20 00:20:19.049 INFO  [main] txu.saga.mainapp.MainAppApplication - Started MainAppApplication in 5.761 seconds (process running for 6.398)
2026-03-20 00:21:04.344 INFO  [http-nio-8080-exec-2] o.a.c.c.C.[Tomcat].[localhost].[/] - Initializing Spring DispatcherServlet 'dispatcherServlet'
2026-03-20 00:21:04.345 INFO  [http-nio-8080-exec-2] o.s.web.servlet.DispatcherServlet - Initializing Servlet 'dispatcherServlet'
2026-03-20 00:21:04.347 INFO  [http-nio-8080-exec-2] o.s.web.servlet.DispatcherServlet - Completed initialization in 2 ms
2026-03-20 00:21:19.895 INFO  [org.springframework.jms.JmsListenerEndpointContainer#0-1] t.s.mainapp.service.MessageConsumer - Created KeycloakUser, username: nnnmmppppttgfdesssskkkllly
2026-03-20 00:21:23.013 INFO  [org.springframework.jms.JmsListenerEndpointContainer#0-1] t.s.mainapp.service.MessageConsumer - Created HR User. Hoàn thành saga tạo User trên keycloak và HR.
2026-03-20 00:22:34.753 INFO  [org.springframework.jms.JmsListenerEndpointContainer#0-1] t.s.mainapp.service.MessageConsumer - Created KeycloakUser, username: nnnmmppppttgfdesssskkkllly
2026-03-20 00:22:36.971 INFO  [org.springframework.jms.JmsListenerEndpointContainer#0-1] t.s.mainapp.service.MessageConsumer - Created HR User. Hoàn thành saga tạo User trên keycloak và HR.
2026-03-20 00:23:18.335 INFO  [org.springframework.jms.JmsListenerEndpointContainer#0-1] t.s.mainapp.service.MessageConsumer - Created KeycloakUser, username: nnnmmppppttgfdesssskkkllly
2026-03-20 12:06:42.664 INFO  [SpringApplicationShutdownHook] o.s.b.w.e.tomcat.GracefulShutdown - Commencing graceful shutdown. Waiting for active requests to complete
2026-03-20 12:06:42.963 INFO  [tomcat-shutdown] o.s.b.w.e.tomcat.GracefulShutdown - Graceful shutdown complete
2026-03-20 12:53:23.172 INFO  [main] txu.saga.mainapp.MainAppApplication - Starting MainAppApplication using Java 18.0.2 with PID 3264 (D:\06-05-2025\saga\main-app\target\classes started by Precision 7540 in D:\06-05-2025\saga)
2026-03-20 12:53:23.176 INFO  [main] txu.saga.mainapp.MainAppApplication - No active profile set, falling back to 1 default profile: "default"
2026-03-20 12:53:25.051 INFO  [main] o.s.d.r.c.RepositoryConfigurationDelegate - Multiple Spring Data modules found, entering strict repository configuration mode
2026-03-20 12:53:25.055 INFO  [main] o.s.d.r.c.RepositoryConfigurationDelegate - Bootstrapping Spring Data Redis repositories in DEFAULT mode.
2026-03-20 12:53:25.104 INFO  [main] o.s.d.r.c.RepositoryConfigurationDelegate - Finished Spring Data repository scanning in 22 ms. Found 0 Redis repository interfaces.
2026-03-20 12:53:25.958 INFO  [main] o.s.b.w.e.tomcat.TomcatWebServer - Tomcat initialized with port 8080 (http)
2026-03-20 12:53:26.001 INFO  [main] o.a.coyote.http11.Http11NioProtocol - Initializing ProtocolHandler ["http-nio-8080"]
2026-03-20 12:53:26.006 INFO  [main] o.a.catalina.core.StandardService - Starting service [Tomcat]
2026-03-20 12:53:26.007 INFO  [main] o.a.catalina.core.StandardEngine - Starting Servlet engine: [Apache Tomcat/10.1.42]
2026-03-20 12:53:26.235 INFO  [main] o.a.c.c.C.[Tomcat].[localhost].[/] - Initializing Spring embedded WebApplicationContext
2026-03-20 12:53:26.238 INFO  [main] o.s.b.w.s.c.ServletWebServerApplicationContext - Root WebApplicationContext: initialization completed in 2991 ms
2026-03-20 12:53:28.624 INFO  [main] o.s.b.a.e.web.EndpointLinksResolver - Exposing 3 endpoints beneath base path '/actuator'
2026-03-20 12:53:28.729 INFO  [main] o.a.coyote.http11.Http11NioProtocol - Starting ProtocolHandler ["http-nio-8080"]
2026-03-20 12:53:28.772 INFO  [main] o.s.b.w.e.tomcat.TomcatWebServer - Tomcat started on port 8080 (http) with context path '/'
2026-03-20 12:53:44.105 INFO  [main] txu.saga.mainapp.MainAppApplication - Started MainAppApplication in 22.472 seconds (process running for 24.104)
2026-03-20 12:54:09.238 INFO  [http-nio-8080-exec-2] o.a.c.c.C.[Tomcat].[localhost].[/] - Initializing Spring DispatcherServlet 'dispatcherServlet'
2026-03-20 12:54:09.238 INFO  [http-nio-8080-exec-2] o.s.web.servlet.DispatcherServlet - Initializing Servlet 'dispatcherServlet'
2026-03-20 12:54:09.240 INFO  [http-nio-8080-exec-2] o.s.web.servlet.DispatcherServlet - Completed initialization in 2 ms
2026-03-20 12:54:12.794 INFO  [org.springframework.jms.JmsListenerEndpointContainer#0-1] t.s.mainapp.service.MessageConsumer - Created KeycloakUser, username: nnnmmppppttgfdesssskkkllly
2026-03-20 13:07:47.967 INFO  [SpringApplicationShutdownHook] o.s.b.w.e.tomcat.GracefulShutdown - Commencing graceful shutdown. Waiting for active requests to complete
2026-03-20 13:07:48.226 INFO  [tomcat-shutdown] o.s.b.w.e.tomcat.GracefulShutdown - Graceful shutdown complete
2026-03-20 13:08:39.806 INFO  [main] txu.saga.mainapp.MainAppApplication - Starting MainAppApplication using Java 18.0.2 with PID 10072 (D:\06-05-2025\saga\main-app\target\classes started by Precision 7540 in D:\06-05-2025\saga)
2026-03-20 13:08:39.809 INFO  [main] txu.saga.mainapp.MainAppApplication - No active profile set, falling back to 1 default profile: "default"
2026-03-20 13:08:42.049 INFO  [main] o.s.d.r.c.RepositoryConfigurationDelegate - Multiple Spring Data modules found, entering strict repository configuration mode
2026-03-20 13:08:42.058 INFO  [main] o.s.d.r.c.RepositoryConfigurationDelegate - Bootstrapping Spring Data Redis repositories in DEFAULT mode.
2026-03-20 13:08:42.149 INFO  [main] o.s.d.r.c.RepositoryConfigurationDelegate - Finished Spring Data repository scanning in 40 ms. Found 0 Redis repository interfaces.
2026-03-20 13:08:43.429 INFO  [main] o.s.b.w.e.tomcat.TomcatWebServer - Tomcat initialized with port 8080 (http)
2026-03-20 13:08:43.463 INFO  [main] o.a.coyote.http11.Http11NioProtocol - Initializing ProtocolHandler ["http-nio-8080"]
2026-03-20 13:08:43.468 INFO  [main] o.a.catalina.core.StandardService - Starting service [Tomcat]
2026-03-20 13:08:43.469 INFO  [main] o.a.catalina.core.StandardEngine - Starting Servlet engine: [Apache Tomcat/10.1.42]
2026-03-20 13:08:43.665 INFO  [main] o.a.c.c.C.[Tomcat].[localhost].[/] - Initializing Spring embedded WebApplicationContext
2026-03-20 13:08:43.668 INFO  [main] o.s.b.w.s.c.ServletWebServerApplicationContext - Root WebApplicationContext: initialization completed in 3786 ms
2026-03-20 13:08:47.241 INFO  [main] o.s.b.a.e.web.EndpointLinksResolver - Exposing 3 endpoints beneath base path '/actuator'
2026-03-20 13:08:47.414 INFO  [main] o.a.coyote.http11.Http11NioProtocol - Starting ProtocolHandler ["http-nio-8080"]
2026-03-20 13:08:47.468 INFO  [main] o.s.b.w.e.tomcat.TomcatWebServer - Tomcat started on port 8080 (http) with context path '/'
2026-03-20 13:09:02.833 INFO  [main] txu.saga.mainapp.MainAppApplication - Started MainAppApplication in 24.182 seconds (process running for 25.042)
2026-03-20 13:14:02.639 INFO  [SpringApplicationShutdownHook] o.s.b.w.e.tomcat.GracefulShutdown - Commencing graceful shutdown. Waiting for active requests to complete
2026-03-20 13:14:02.899 INFO  [tomcat-shutdown] o.s.b.w.e.tomcat.GracefulShutdown - Graceful shutdown complete
2026-03-20 13:14:07.133 INFO  [main] txu.saga.mainapp.MainAppApplication - Starting MainAppApplication using Java 18.0.2 with PID 9376 (D:\06-05-2025\saga\main-app\target\classes started by Precision 7540 in D:\06-05-2025\saga)
2026-03-20 13:14:07.135 INFO  [main] txu.saga.mainapp.MainAppApplication - No active profile set, falling back to 1 default profile: "default"
2026-03-20 13:14:08.588 INFO  [main] o.s.d.r.c.RepositoryConfigurationDelegate - Multiple Spring Data modules found, entering strict repository configuration mode
2026-03-20 13:14:08.594 INFO  [main] o.s.d.r.c.RepositoryConfigurationDelegate - Bootstrapping Spring Data Redis repositories in DEFAULT mode.
2026-03-20 13:14:08.661 INFO  [main] o.s.d.r.c.RepositoryConfigurationDelegate - Finished Spring Data repository scanning in 36 ms. Found 0 Redis repository interfaces.
2026-03-20 13:14:09.423 INFO  [main] o.s.b.w.e.tomcat.TomcatWebServer - Tomcat initialized with port 8080 (http)
2026-03-20 13:14:09.438 INFO  [main] o.a.coyote.http11.Http11NioProtocol - Initializing ProtocolHandler ["http-nio-8080"]
2026-03-20 13:14:09.441 INFO  [main] o.a.catalina.core.StandardService - Starting service [Tomcat]
2026-03-20 13:14:09.441 INFO  [main] o.a.catalina.core.StandardEngine - Starting Servlet engine: [Apache Tomcat/10.1.42]
2026-03-20 13:14:09.567 INFO  [main] o.a.c.c.C.[Tomcat].[localhost].[/] - Initializing Spring embedded WebApplicationContext
2026-03-20 13:14:09.569 INFO  [main] o.s.b.w.s.c.ServletWebServerApplicationContext - Root WebApplicationContext: initialization completed in 2379 ms
2026-03-20 13:14:13.099 INFO  [main] o.s.b.a.e.web.EndpointLinksResolver - Exposing 3 endpoints beneath base path '/actuator'
2026-03-20 13:14:13.191 INFO  [main] o.a.coyote.http11.Http11NioProtocol - Starting ProtocolHandler ["http-nio-8080"]
2026-03-20 13:14:13.229 INFO  [main] o.s.b.w.e.tomcat.TomcatWebServer - Tomcat started on port 8080 (http) with context path '/'
2026-03-20 13:14:13.504 INFO  [main] txu.saga.mainapp.MainAppApplication - Started MainAppApplication in 7.195 seconds (process running for 7.765)
2026-03-20 13:14:24.257 INFO  [http-nio-8080-exec-6] o.a.c.c.C.[Tomcat].[localhost].[/] - Initializing Spring DispatcherServlet 'dispatcherServlet'
2026-03-20 13:14:24.258 INFO  [http-nio-8080-exec-6] o.s.web.servlet.DispatcherServlet - Initializing Servlet 'dispatcherServlet'
2026-03-20 13:14:24.259 INFO  [http-nio-8080-exec-6] o.s.web.servlet.DispatcherServlet - Completed initialization in 1 ms
2026-03-20 13:14:27.242 INFO  [org.springframework.jms.JmsListenerEndpointContainer#0-1] t.s.mainapp.service.MessageConsumer - Created KeycloakUser, username: nnnmmppppttgfdesssskkkllly
2026-03-20 13:28:27.284 INFO  [SpringApplicationShutdownHook] o.s.b.w.e.tomcat.GracefulShutdown - Commencing graceful shutdown. Waiting for active requests to complete
2026-03-20 13:28:27.544 INFO  [tomcat-shutdown] o.s.b.w.e.tomcat.GracefulShutdown - Graceful shutdown complete
2026-03-20 13:28:34.762 INFO  [main] txu.saga.mainapp.MainAppApplication - Starting MainAppApplication using Java 18.0.2 with PID 19688 (D:\06-05-2025\saga\main-app\target\classes started by Precision 7540 in D:\06-05-2025\saga)
2026-03-20 13:28:34.764 INFO  [main] txu.saga.mainapp.MainAppApplication - No active profile set, falling back to 1 default profile: "default"
2026-03-20 13:28:35.997 INFO  [main] o.s.d.r.c.RepositoryConfigurationDelegate - Multiple Spring Data modules found, entering strict repository configuration mode
2026-03-20 13:28:35.999 INFO  [main] o.s.d.r.c.RepositoryConfigurationDelegate - Bootstrapping Spring Data Redis repositories in DEFAULT mode.
2026-03-20 13:28:36.038 INFO  [main] o.s.d.r.c.RepositoryConfigurationDelegate - Finished Spring Data repository scanning in 18 ms. Found 0 Redis repository interfaces.
2026-03-20 13:28:36.578 INFO  [main] o.s.b.w.e.tomcat.TomcatWebServer - Tomcat initialized with port 8080 (http)
2026-03-20 13:28:36.594 INFO  [main] o.a.coyote.http11.Http11NioProtocol - Initializing ProtocolHandler ["http-nio-8080"]
2026-03-20 13:28:36.596 INFO  [main] o.a.catalina.core.StandardService - Starting service [Tomcat]
2026-03-20 13:28:36.596 INFO  [main] o.a.catalina.core.StandardEngine - Starting Servlet engine: [Apache Tomcat/10.1.42]
2026-03-20 13:28:36.683 INFO  [main] o.a.c.c.C.[Tomcat].[localhost].[/] - Initializing Spring embedded WebApplicationContext
2026-03-20 13:28:36.685 INFO  [main] o.s.b.w.s.c.ServletWebServerApplicationContext - Root WebApplicationContext: initialization completed in 1871 ms
2026-03-20 13:28:38.049 INFO  [main] o.s.b.a.e.web.EndpointLinksResolver - Exposing 3 endpoints beneath base path '/actuator'
2026-03-20 13:28:38.120 INFO  [main] o.a.coyote.http11.Http11NioProtocol - Starting ProtocolHandler ["http-nio-8080"]
2026-03-20 13:28:38.146 INFO  [main] o.s.b.w.e.tomcat.TomcatWebServer - Tomcat started on port 8080 (http) with context path '/'
2026-03-20 13:28:38.369 INFO  [main] txu.saga.mainapp.MainAppApplication - Started MainAppApplication in 4.303 seconds (process running for 4.786)
2026-03-20 13:28:43.213 INFO  [http-nio-8080-exec-2] o.a.c.c.C.[Tomcat].[localhost].[/] - Initializing Spring DispatcherServlet 'dispatcherServlet'
2026-03-20 13:28:43.213 INFO  [http-nio-8080-exec-2] o.s.web.servlet.DispatcherServlet - Initializing Servlet 'dispatcherServlet'
2026-03-20 13:28:43.215 INFO  [http-nio-8080-exec-2] o.s.web.servlet.DispatcherServlet - Completed initialization in 2 ms
2026-03-20 13:28:45.123 INFO  [org.springframework.jms.JmsListenerEndpointContainer#0-1] t.s.mainapp.service.MessageConsumer - Created KeycloakUser, username: nnnmmppppttgfdesssskkkllly
2026-03-20 13:30:02.676 INFO  [SpringApplicationShutdownHook] o.s.b.w.e.tomcat.GracefulShutdown - Commencing graceful shutdown. Waiting for active requests to complete
2026-03-20 13:30:02.933 INFO  [tomcat-shutdown] o.s.b.w.e.tomcat.GracefulShutdown - Graceful shutdown complete
2026-03-20 13:30:06.925 INFO  [main] txu.saga.mainapp.MainAppApplication - Starting MainAppApplication using Java 18.0.2 with PID 20468 (D:\06-05-2025\saga\main-app\target\classes started by Precision 7540 in D:\06-05-2025\saga)
2026-03-20 13:30:06.928 INFO  [main] txu.saga.mainapp.MainAppApplication - No active profile set, falling back to 1 default profile: "default"
2026-03-20 13:30:08.219 INFO  [main] o.s.d.r.c.RepositoryConfigurationDelegate - Multiple Spring Data modules found, entering strict repository configuration mode
2026-03-20 13:30:08.224 INFO  [main] o.s.d.r.c.RepositoryConfigurationDelegate - Bootstrapping Spring Data Redis repositories in DEFAULT mode.
2026-03-20 13:30:08.269 INFO  [main] o.s.d.r.c.RepositoryConfigurationDelegate - Finished Spring Data repository scanning in 17 ms. Found 0 Redis repository interfaces.
2026-03-20 13:30:08.915 INFO  [main] o.s.b.w.e.tomcat.TomcatWebServer - Tomcat initialized with port 8080 (http)
2026-03-20 13:30:08.931 INFO  [main] o.a.coyote.http11.Http11NioProtocol - Initializing ProtocolHandler ["http-nio-8080"]
2026-03-20 13:30:08.934 INFO  [main] o.a.catalina.core.StandardService - Starting service [Tomcat]
2026-03-20 13:30:08.934 INFO  [main] o.a.catalina.core.StandardEngine - Starting Servlet engine: [Apache Tomcat/10.1.42]
2026-03-20 13:30:09.029 INFO  [main] o.a.c.c.C.[Tomcat].[localhost].[/] - Initializing Spring embedded WebApplicationContext
2026-03-20 13:30:09.031 INFO  [main] o.s.b.w.s.c.ServletWebServerApplicationContext - Root WebApplicationContext: initialization completed in 2046 ms
2026-03-20 13:30:10.744 INFO  [main] o.s.b.a.e.web.EndpointLinksResolver - Exposing 3 endpoints beneath base path '/actuator'
2026-03-20 13:30:10.819 INFO  [main] o.a.coyote.http11.Http11NioProtocol - Starting ProtocolHandler ["http-nio-8080"]
2026-03-20 13:30:10.854 INFO  [main] o.s.b.w.e.tomcat.TomcatWebServer - Tomcat started on port 8080 (http) with context path '/'
2026-03-20 13:30:11.099 INFO  [main] txu.saga.mainapp.MainAppApplication - Started MainAppApplication in 4.91 seconds (process running for 5.628)
2026-03-20 13:36:06.385 INFO  [SpringApplicationShutdownHook] o.s.b.w.e.tomcat.GracefulShutdown - Commencing graceful shutdown. Waiting for active requests to complete
2026-03-20 13:36:06.652 INFO  [tomcat-shutdown] o.s.b.w.e.tomcat.GracefulShutdown - Graceful shutdown complete
2026-03-20 13:36:13.663 INFO  [main] txu.saga.mainapp.MainAppApplication - Starting MainAppApplication using Java 18.0.2 with PID 7288 (D:\06-05-2025\saga\main-app\target\classes started by Precision 7540 in D:\06-05-2025\saga)
2026-03-20 13:36:13.667 INFO  [main] txu.saga.mainapp.MainAppApplication - No active profile set, falling back to 1 default profile: "default"
2026-03-20 13:36:15.002 INFO  [main] o.s.d.r.c.RepositoryConfigurationDelegate - Multiple Spring Data modules found, entering strict repository configuration mode
2026-03-20 13:36:15.008 INFO  [main] o.s.d.r.c.RepositoryConfigurationDelegate - Bootstrapping Spring Data Redis repositories in DEFAULT mode.
2026-03-20 13:36:15.055 INFO  [main] o.s.d.r.c.RepositoryConfigurationDelegate - Finished Spring Data repository scanning in 24 ms. Found 0 Redis repository interfaces.
2026-03-20 13:36:15.769 INFO  [main] o.s.b.w.e.tomcat.TomcatWebServer - Tomcat initialized with port 8080 (http)
2026-03-20 13:36:15.786 INFO  [main] o.a.coyote.http11.Http11NioProtocol - Initializing ProtocolHandler ["http-nio-8080"]
2026-03-20 13:36:15.791 INFO  [main] o.a.catalina.core.StandardService - Starting service [Tomcat]
2026-03-20 13:36:15.791 INFO  [main] o.a.catalina.core.StandardEngine - Starting Servlet engine: [Apache Tomcat/10.1.42]
2026-03-20 13:36:15.903 INFO  [main] o.a.c.c.C.[Tomcat].[localhost].[/] - Initializing Spring embedded WebApplicationContext
2026-03-20 13:36:15.904 INFO  [main] o.s.b.w.s.c.ServletWebServerApplicationContext - Root WebApplicationContext: initialization completed in 2177 ms
2026-03-20 13:36:17.666 INFO  [main] o.s.b.a.e.web.EndpointLinksResolver - Exposing 3 endpoints beneath base path '/actuator'
2026-03-20 13:36:17.744 INFO  [main] o.a.coyote.http11.Http11NioProtocol - Starting ProtocolHandler ["http-nio-8080"]
2026-03-20 13:36:17.840 INFO  [main] o.s.b.w.e.tomcat.TomcatWebServer - Tomcat started on port 8080 (http) with context path '/'
2026-03-20 13:36:18.066 INFO  [main] txu.saga.mainapp.MainAppApplication - Started MainAppApplication in 5.277 seconds (process running for 6.132)
2026-03-20 13:37:13.647 INFO  [http-nio-8080-exec-2] o.a.c.c.C.[Tomcat].[localhost].[/] - Initializing Spring DispatcherServlet 'dispatcherServlet'
2026-03-20 13:37:13.647 INFO  [http-nio-8080-exec-2] o.s.web.servlet.DispatcherServlet - Initializing Servlet 'dispatcherServlet'
2026-03-20 13:37:13.650 INFO  [http-nio-8080-exec-2] o.s.web.servlet.DispatcherServlet - Completed initialization in 2 ms
2026-03-20 13:37:15.880 INFO  [org.springframework.jms.JmsListenerEndpointContainer#0-1] t.s.mainapp.service.MessageConsumer - Created KeycloakUser, username: nnnmmppppttgfdesssskkkllly
2026-03-20 13:37:17.616 INFO  [org.springframework.jms.JmsListenerEndpointContainer#0-1] t.s.mainapp.service.MessageConsumer - Da xoa keycloak user, sagaId: 375c4310-53d0-4cf7-a88d-80fecdc8022a
2026-03-20 14:11:52.888 INFO  [org.springframework.jms.JmsListenerEndpointContainer#0-1] t.s.mainapp.service.MessageConsumer - Created KeycloakUser, username: nnnmmppppttgfdesssskkkllly
2026-03-20 14:11:54.300 INFO  [org.springframework.jms.JmsListenerEndpointContainer#0-1] t.s.mainapp.service.MessageConsumer - Da xoa keycloak user, sagaId: 187ca708-7697-4049-9c6b-75c812e73fab
2026-03-20 14:13:01.558 INFO  [SpringApplicationShutdownHook] o.s.b.w.e.tomcat.GracefulShutdown - Commencing graceful shutdown. Waiting for active requests to complete
2026-03-20 14:13:01.838 INFO  [tomcat-shutdown] o.s.b.w.e.tomcat.GracefulShutdown - Graceful shutdown complete
2026-03-20 14:13:18.714 INFO  [main] txu.saga.mainapp.MainAppApplication - Starting MainAppApplication using Java 18.0.2 with PID 18940 (D:\06-05-2025\saga\main-app\target\classes started by Precision 7540 in D:\06-05-2025\saga)
2026-03-20 14:13:18.716 INFO  [main] txu.saga.mainapp.MainAppApplication - No active profile set, falling back to 1 default profile: "default"
2026-03-20 14:13:20.280 INFO  [main] o.s.d.r.c.RepositoryConfigurationDelegate - Multiple Spring Data modules found, entering strict repository configuration mode
2026-03-20 14:13:20.285 INFO  [main] o.s.d.r.c.RepositoryConfigurationDelegate - Bootstrapping Spring Data Redis repositories in DEFAULT mode.
2026-03-20 14:13:20.323 INFO  [main] o.s.d.r.c.RepositoryConfigurationDelegate - Finished Spring Data repository scanning in 17 ms. Found 0 Redis repository interfaces.
2026-03-20 14:13:21.049 INFO  [main] o.s.b.w.e.tomcat.TomcatWebServer - Tomcat initialized with port 8080 (http)
2026-03-20 14:13:21.068 INFO  [main] o.a.coyote.http11.Http11NioProtocol - Initializing ProtocolHandler ["http-nio-8080"]
2026-03-20 14:13:21.071 INFO  [main] o.a.catalina.core.StandardService - Starting service [Tomcat]
2026-03-20 14:13:21.071 INFO  [main] o.a.catalina.core.StandardEngine - Starting Servlet engine: [Apache Tomcat/10.1.42]
2026-03-20 14:13:21.168 INFO  [main] o.a.c.c.C.[Tomcat].[localhost].[/] - Initializing Spring embedded WebApplicationContext
2026-03-20 14:13:21.169 INFO  [main] o.s.b.w.s.c.ServletWebServerApplicationContext - Root WebApplicationContext: initialization completed in 2396 ms
2026-03-20 14:13:22.702 INFO  [main] o.s.b.a.e.web.EndpointLinksResolver - Exposing 3 endpoints beneath base path '/actuator'
2026-03-20 14:13:22.778 INFO  [main] o.a.coyote.http11.Http11NioProtocol - Starting ProtocolHandler ["http-nio-8080"]
2026-03-20 14:13:22.816 INFO  [main] o.s.b.w.e.tomcat.TomcatWebServer - Tomcat started on port 8080 (http) with context path '/'
2026-03-20 14:13:23.040 INFO  [main] txu.saga.mainapp.MainAppApplication - Started MainAppApplication in 6.282 seconds (process running for 7.701)
2026-03-20 14:15:43.651 INFO  [SpringApplicationShutdownHook] o.s.b.w.e.tomcat.GracefulShutdown - Commencing graceful shutdown. Waiting for active requests to complete
2026-03-20 14:15:44.015 INFO  [tomcat-shutdown] o.s.b.w.e.tomcat.GracefulShutdown - Graceful shutdown complete
2026-03-20 14:16:33.238 INFO  [main] txu.saga.mainapp.MainAppApplication - Starting MainAppApplication using Java 18.0.2 with PID 27836 (D:\06-05-2025\saga\main-app\target\classes started by Precision 7540 in D:\06-05-2025\saga)
2026-03-20 14:16:33.241 INFO  [main] txu.saga.mainapp.MainAppApplication - No active profile set, falling back to 1 default profile: "default"
2026-03-20 14:16:35.053 INFO  [main] o.s.d.r.c.RepositoryConfigurationDelegate - Multiple Spring Data modules found, entering strict repository configuration mode
2026-03-20 14:16:35.058 INFO  [main] o.s.d.r.c.RepositoryConfigurationDelegate - Bootstrapping Spring Data Redis repositories in DEFAULT mode.
2026-03-20 14:16:35.119 INFO  [main] o.s.d.r.c.RepositoryConfigurationDelegate - Finished Spring Data repository scanning in 25 ms. Found 0 Redis repository interfaces.
2026-03-20 14:16:36.021 INFO  [main] o.s.b.w.e.tomcat.TomcatWebServer - Tomcat initialized with port 8080 (http)
2026-03-20 14:16:36.044 INFO  [main] o.a.coyote.http11.Http11NioProtocol - Initializing ProtocolHandler ["http-nio-8080"]
2026-03-20 14:16:36.047 INFO  [main] o.a.catalina.core.StandardService - Starting service [Tomcat]
2026-03-20 14:16:36.048 INFO  [main] o.a.catalina.core.StandardEngine - Starting Servlet engine: [Apache Tomcat/10.1.42]
2026-03-20 14:16:36.172 INFO  [main] o.a.c.c.C.[Tomcat].[localhost].[/] - Initializing Spring embedded WebApplicationContext
2026-03-20 14:16:36.175 INFO  [main] o.s.b.w.s.c.ServletWebServerApplicationContext - Root WebApplicationContext: initialization completed in 2850 ms
2026-03-20 14:16:38.032 INFO  [main] o.s.b.a.e.web.EndpointLinksResolver - Exposing 3 endpoints beneath base path '/actuator'
2026-03-20 14:16:38.125 INFO  [main] o.a.coyote.http11.Http11NioProtocol - Starting ProtocolHandler ["http-nio-8080"]
2026-03-20 14:16:38.156 INFO  [main] o.s.b.w.e.tomcat.TomcatWebServer - Tomcat started on port 8080 (http) with context path '/'
2026-03-20 14:16:38.398 INFO  [main] txu.saga.mainapp.MainAppApplication - Started MainAppApplication in 6.229 seconds (process running for 6.934)
2026-03-20 14:20:14.881 INFO  [http-nio-8080-exec-2] o.a.c.c.C.[Tomcat].[localhost].[/] - Initializing Spring DispatcherServlet 'dispatcherServlet'
2026-03-20 14:20:14.881 INFO  [http-nio-8080-exec-2] o.s.web.servlet.DispatcherServlet - Initializing Servlet 'dispatcherServlet'
2026-03-20 14:20:14.883 INFO  [http-nio-8080-exec-2] o.s.web.servlet.DispatcherServlet - Completed initialization in 1 ms
2026-03-20 14:20:17.975 INFO  [org.springframework.jms.JmsListenerEndpointContainer#0-1] t.s.mainapp.service.MessageConsumer - Created KeycloakUser, username: nnnmmppppttgfdesssskkkllly
2026-03-20 14:20:19.625 INFO  [org.springframework.jms.JmsListenerEndpointContainer#0-1] t.s.mainapp.service.MessageConsumer - Da xoa keycloak user, sagaId: 426e1a2e-1e85-414d-a6f9-4c43efae5867
2026-03-20 14:21:32.870 INFO  [SpringApplicationShutdownHook] o.s.b.w.e.tomcat.GracefulShutdown - Commencing graceful shutdown. Waiting for active requests to complete
2026-03-20 14:21:33.170 INFO  [tomcat-shutdown] o.s.b.w.e.tomcat.GracefulShutdown - Graceful shutdown complete
